2021-06-14 12:05:27,700 TRACE org.hibernate.type.descriptor.sql.BasicExtractor [http-nio-8080-exec-1] extracted value ([doj6_0_] : [DATE]) - [2021-03-11]
2021-06-14 12:05:27,702 TRACE org.hibernate.type.descriptor.sql.BasicExtractor [http-nio-8080-exec-1] extracted value ([email7_0_] : [VARCHAR]) - [ashu96.as@gmail.com]
2021-06-14 12:05:27,702 TRACE org.hibernate.type.descriptor.sql.BasicExtractor [http-nio-8080-exec-1] extracted value ([firstnam8_0_] : [VARCHAR]) - [Ashutosh]
2021-06-14 12:05:27,702 TRACE org.hibernate.type.descriptor.sql.BasicExtractor [http-nio-8080-exec-1] extracted value ([gender9_0_] : [VARCHAR]) - [Male]
2021-06-14 12:05:27,702 TRACE org.hibernate.type.descriptor.sql.BasicExtractor [http-nio-8080-exec-1] extracted value ([lastnam10_0_] : [VARCHAR]) - [singh]
2021-06-14 12:05:27,702 TRACE org.hibernate.type.descriptor.sql.BasicExtractor [http-nio-8080-exec-1] extracted value ([perform11_0_] : [VARCHAR]) - [Good]
2021-06-14 12:05:27,702 TRACE org.hibernate.type.descriptor.sql.BasicExtractor [http-nio-8080-exec-1] extracted value ([salary12_0_] : [NUMERIC]) - [100000.00]
2021-06-14 12:05:27,702 TRACE org.hibernate.type.descriptor.sql.BasicExtractor [http-nio-8080-exec-1] extracted value ([status13_0_] : [VARCHAR]) - [Active]
2021-06-14 12:05:27,703 TRACE org.hibernate.type.descriptor.sql.BasicExtractor [http-nio-8080-exec-1] extracted value ([id1_0_] : [BIGINT]) - [41]
2021-06-14 12:05:27,703 TRACE org.hibernate.type.descriptor.sql.BasicExtractor [http-nio-8080-exec-1] extracted value ([achievem2_0_] : [VARCHAR]) - [Great Coder]
2021-06-14 12:05:27,703 TRACE org.hibernate.type.descriptor.sql.BasicExtractor [http-nio-8080-exec-1] extracted value ([address3_0_] : [VARCHAR]) - [jkhhf]
2021-06-14 12:05:27,703 TRACE org.hibernate.type.descriptor.sql.BasicExtractor [http-nio-8080-exec-1] extracted value ([dept4_0_] : [VARCHAR]) - [IT]
2021-06-14 12:05:27,703 TRACE org.hibernate.type.descriptor.sql.BasicExtractor [http-nio-8080-exec-1] extracted value ([dob5_0_] : [DATE]) - [2021-06-09]
2021-06-14 12:05:27,703 TRACE org.hibernate.type.descriptor.sql.BasicExtractor [http-nio-8080-exec-1] extracted value ([doj6_0_] : [DATE]) - [2021-06-10]
2021-06-14 12:05:27,703 TRACE org.hibernate.type.descriptor.sql.BasicExtractor [http-nio-8080-exec-1] extracted value ([email7_0_] : [VARCHAR]) - [panoskhan4@gmail.com]
2021-06-14 12:05:27,703 TRACE org.hibernate.type.descriptor.sql.BasicExtractor [http-nio-8080-exec-1] extracted value ([firstnam8_0_] : [VARCHAR]) - [imran]
2021-06-14 12:05:27,703 TRACE org.hibernate.type.descriptor.sql.BasicExtractor [http-nio-8080-exec-1] extracted value ([gender9_0_] : [VARCHAR]) - [Male]
2021-06-14 12:05:27,703 TRACE org.hibernate.type.descriptor.sql.BasicExtractor [http-nio-8080-exec-1] extracted value ([lastnam10_0_] : [VARCHAR]) - [khan]
2021-06-14 12:05:27,704 TRACE org.hibernate.type.descriptor.sql.BasicExtractor [http-nio-8080-exec-1] extracted value ([perform11_0_] : [VARCHAR]) - [Average]
2021-06-14 12:05:27,704 TRACE org.hibernate.type.descriptor.sql.BasicExtractor [http-nio-8080-exec-1] extracted value ([salary12_0_] : [NUMERIC]) - [25000.00]
2021-06-14 12:05:27,704 TRACE org.hibernate.type.descriptor.sql.BasicExtractor [http-nio-8080-exec-1] extracted value ([status13_0_] : [VARCHAR]) - [Active]
2021-06-14 12:05:27,704 TRACE org.hibernate.type.descriptor.sql.BasicExtractor [http-nio-8080-exec-1] extracted value ([id1_0_] : [BIGINT]) - [45]
2021-06-14 12:05:27,704 TRACE org.hibernate.type.descriptor.sql.BasicExtractor [http-nio-8080-exec-1] extracted value ([achievem2_0_] : [VARCHAR]) - [won Best employeement award]
2021-06-14 12:05:27,705 TRACE org.hibernate.type.descriptor.sql.BasicExtractor [http-nio-8080-exec-1] extracted value ([address3_0_] : [VARCHAR]) - [h.no-xx ,usa]
2021-06-14 12:05:27,705 TRACE org.hibernate.type.descriptor.sql.BasicExtractor [http-nio-8080-exec-1] extracted value ([dept4_0_] : [VARCHAR]) - [HR]
2021-06-14 12:05:27,705 TRACE org.hibernate.type.descriptor.sql.BasicExtractor [http-nio-8080-exec-1] extracted value ([dob5_0_] : [DATE]) - [2005-10-11]
2021-06-14 12:05:27,705 TRACE org.hibernate.type.descriptor.sql.BasicExtractor [http-nio-8080-exec-1] extracted value ([doj6_0_] : [DATE]) - [2021-06-11]
2021-06-14 12:05:27,705 TRACE org.hibernate.type.descriptor.sql.BasicExtractor [http-nio-8080-exec-1] extracted value ([email7_0_] : [VARCHAR]) - [ketty@gmail.com]
2021-06-14 12:05:27,705 TRACE org.hibernate.type.descriptor.sql.BasicExtractor [http-nio-8080-exec-1] extracted value ([firstnam8_0_] : [VARCHAR]) - [ketty]
2021-06-14 12:05:27,705 TRACE org.hibernate.type.descriptor.sql.BasicExtractor [http-nio-8080-exec-1] extracted value ([gender9_0_] : [VARCHAR]) - [Female]
2021-06-14 12:05:27,705 TRACE org.hibernate.type.descriptor.sql.BasicExtractor [http-nio-8080-exec-1] extracted value ([lastnam10_0_] : [VARCHAR]) - [perry]
2021-06-14 12:05:27,705 TRACE org.hibernate.type.descriptor.sql.BasicExtractor [http-nio-8080-exec-1] extracted value ([perform11_0_] : [VARCHAR]) - [Good]
2021-06-14 12:05:27,706 TRACE org.hibernate.type.descriptor.sql.BasicExtractor [http-nio-8080-exec-1] extracted value ([salary12_0_] : [NUMERIC]) - [30000.00]
2021-06-14 12:05:27,706 TRACE org.hibernate.type.descriptor.sql.BasicExtractor [http-nio-8080-exec-1] extracted value ([status13_0_] : [VARCHAR]) - [Active]
2021-06-14 12:05:27,706 TRACE org.hibernate.type.descriptor.sql.BasicExtractor [http-nio-8080-exec-1] extracted value ([id1_0_] : [BIGINT]) - [40]
2021-06-14 12:05:27,706 TRACE org.hibernate.type.descriptor.sql.BasicExtractor [http-nio-8080-exec-1] extracted value ([achievem2_0_] : [VARCHAR]) - [won Best employement award]
2021-06-14 12:05:27,706 TRACE org.hibernate.type.descriptor.sql.BasicExtractor [http-nio-8080-exec-1] extracted value ([address3_0_] : [VARCHAR]) - [h.no-25, system tacxas]
2021-06-14 12:05:27,707 TRACE org.hibernate.type.descriptor.sql.BasicExtractor [http-nio-8080-exec-1] extracted value ([dept4_0_] : [VARCHAR]) - [HR]
2021-06-14 12:05:27,707 TRACE org.hibernate.type.descriptor.sql.BasicExtractor [http-nio-8080-exec-1] extracted value ([dob5_0_] : [DATE]) - [2021-06-11]
2021-06-14 12:05:27,707 TRACE org.hibernate.type.descriptor.sql.BasicExtractor [http-nio-8080-exec-1] extracted value ([doj6_0_] : [DATE]) - [2021-06-09]
2021-06-14 12:05:27,707 TRACE org.hibernate.type.descriptor.sql.BasicExtractor [http-nio-8080-exec-1] extracted value ([email7_0_] : [VARCHAR]) - [nadiya@gmail.com]
2021-06-14 12:05:27,707 TRACE org.hibernate.type.descriptor.sql.BasicExtractor [http-nio-8080-exec-1] extracted value ([firstnam8_0_] : [VARCHAR]) - [nadiya]
2021-06-14 12:05:27,707 TRACE org.hibernate.type.descriptor.sql.BasicExtractor [http-nio-8080-exec-1] extracted value ([gender9_0_] : [VARCHAR]) - [Female]
2021-06-14 12:05:27,708 TRACE org.hibernate.type.descriptor.sql.BasicExtractor [http-nio-8080-exec-1] extracted value ([lastnam10_0_] : [VARCHAR]) - [johnson]
2021-06-14 12:05:27,708 TRACE org.hibernate.type.descriptor.sql.BasicExtractor [http-nio-8080-exec-1] extracted value ([perform11_0_] : [VARCHAR]) - [Good]
2021-06-14 12:05:27,708 TRACE org.hibernate.type.descriptor.sql.BasicExtractor [http-nio-8080-exec-1] extracted value ([salary12_0_] : [NUMERIC]) - [45000.00]
2021-06-14 12:05:27,708 TRACE org.hibernate.type.descriptor.sql.BasicExtractor [http-nio-8080-exec-1] extracted value ([status13_0_] : [VARCHAR]) - [Active]
2021-06-14 12:05:27,711 DEBUG org.hibernate.SQL [http-nio-8080-exec-1] select count(employees0_.id) as col_0_0_ from employees employees0_
2021-06-14 12:05:27,714 TRACE org.hibernate.type.descriptor.sql.BasicExtractor [http-nio-8080-exec-1] extracted value ([col_0_0_] : [BIGINT]) - [8]
