2021-06-14 12:05:34,835 DEBUG org.hibernate.SQL [http-nio-8080-exec-4] select employees0_.id as id1_0_, employees0_.achievement as achievem2_0_, employees0_.address as address3_0_, employees0_.dept as dept4_0_, employees0_.dob as dob5_0_, employees0_.doj as doj6_0_, employees0_.email as email7_0_, employees0_.firstname as firstnam8_0_, employees0_.gender as gender9_0_, employees0_.lastname as lastnam10_0_, employees0_.performance as perform11_0_, employees0_.salary as salary12_0_, employees0_.status as status13_0_ from employees employees0_ order by employees0_.firstname asc limit ?, ?
2021-06-14 12:05:34,839 TRACE org.hibernate.type.descriptor.sql.BasicExtractor [http-nio-8080-exec-4] extracted value ([id1_0_] : [BIGINT]) - [46]
2021-06-14 12:05:34,841 TRACE org.hibernate.type.descriptor.sql.BasicExtractor [http-nio-8080-exec-4] extracted value ([achievem2_0_] : [VARCHAR]) - [won Best employeement award]
2021-06-14 12:05:34,841 TRACE org.hibernate.type.descriptor.sql.BasicExtractor [http-nio-8080-exec-4] extracted value ([address3_0_] : [VARCHAR]) - [h.no-xx ,usa]
2021-06-14 12:05:34,841 TRACE org.hibernate.type.descriptor.sql.BasicExtractor [http-nio-8080-exec-4] extracted value ([dept4_0_] : [VARCHAR]) - [HR]
2021-06-14 12:05:34,841 TRACE org.hibernate.type.descriptor.sql.BasicExtractor [http-nio-8080-exec-4] extracted value ([dob5_0_] : [DATE]) - [1996-11-12]
2021-06-14 12:05:34,842 TRACE org.hibernate.type.descriptor.sql.BasicExtractor [http-nio-8080-exec-4] extracted value ([doj6_0_] : [DATE]) - [2021-06-11]
2021-06-14 12:05:34,842 TRACE org.hibernate.type.descriptor.sql.BasicExtractor [http-nio-8080-exec-4] extracted value ([email7_0_] : [VARCHAR]) - [rexy@gmail.com]
2021-06-14 12:05:34,842 TRACE org.hibernate.type.descriptor.sql.BasicExtractor [http-nio-8080-exec-4] extracted value ([firstnam8_0_] : [VARCHAR]) - [Rexy]
2021-06-14 12:05:34,842 TRACE org.hibernate.type.descriptor.sql.BasicExtractor [http-nio-8080-exec-4] extracted value ([gender9_0_] : [VARCHAR]) - [Female]
2021-06-14 12:05:34,842 TRACE org.hibernate.type.descriptor.sql.BasicExtractor [http-nio-8080-exec-4] extracted value ([lastnam10_0_] : [VARCHAR]) - [john]
2021-06-14 12:05:34,842 TRACE org.hibernate.type.descriptor.sql.BasicExtractor [http-nio-8080-exec-4] extracted value ([perform11_0_] : [VARCHAR]) - [Good]
2021-06-14 12:05:34,842 TRACE org.hibernate.type.descriptor.sql.BasicExtractor [http-nio-8080-exec-4] extracted value ([salary12_0_] : [NUMERIC]) - [32000.00]
2021-06-14 12:05:34,842 TRACE org.hibernate.type.descriptor.sql.BasicExtractor [http-nio-8080-exec-4] extracted value ([status13_0_] : [VARCHAR]) - [Active]
2021-06-14 12:05:34,842 TRACE org.hibernate.type.descriptor.sql.BasicExtractor [http-nio-8080-exec-4] extracted value ([id1_0_] : [BIGINT]) - [49]
2021-06-14 12:05:34,843 TRACE org.hibernate.type.descriptor.sql.BasicExtractor [http-nio-8080-exec-4] extracted value ([achievem2_0_] : [VARCHAR]) - [Good Coder]
2021-06-14 12:05:34,843 TRACE org.hibernate.type.descriptor.sql.BasicExtractor [http-nio-8080-exec-4] extracted value ([address3_0_] : [VARCHAR]) - [h.no-xx ,usa]
2021-06-14 12:05:34,843 TRACE org.hibernate.type.descriptor.sql.BasicExtractor [http-nio-8080-exec-4] extracted value ([dept4_0_] : [VARCHAR]) - [IT]
2021-06-14 12:05:34,843 TRACE org.hibernate.type.descriptor.sql.BasicExtractor [http-nio-8080-exec-4] extracted value ([dob5_0_] : [DATE]) - [2021-06-01]
2021-06-14 12:05:34,843 TRACE org.hibernate.type.descriptor.sql.BasicExtractor [http-nio-8080-exec-4] extracted value ([doj6_0_] : [DATE]) - [2021-06-14]
2021-06-14 12:05:34,843 TRACE org.hibernate.type.descriptor.sql.BasicExtractor [http-nio-8080-exec-4] extracted value ([email7_0_] : [VARCHAR]) - [rohitc@gmail.com]
2021-06-14 12:05:34,843 TRACE org.hibernate.type.descriptor.sql.BasicExtractor [http-nio-8080-exec-4] extracted value ([firstnam8_0_] : [VARCHAR]) - [Rohit]
2021-06-14 12:05:34,843 TRACE org.hibernate.type.descriptor.sql.BasicExtractor [http-nio-8080-exec-4] extracted value ([gender9_0_] : [VARCHAR]) - [Male]
2021-06-14 12:05:34,843 TRACE org.hibernate.type.descriptor.sql.BasicExtractor [http-nio-8080-exec-4] extracted value ([lastnam10_0_] : [VARCHAR]) - [chauhan]
2021-06-14 12:05:34,844 TRACE org.hibernate.type.descriptor.sql.BasicExtractor [http-nio-8080-exec-4] extracted value ([perform11_0_] : [VARCHAR]) - [Average]
2021-06-14 12:05:34,844 TRACE org.hibernate.type.descriptor.sql.BasicExtractor [http-nio-8080-exec-4] extracted value ([salary12_0_] : [NUMERIC]) - [41000.00]
2021-06-14 12:05:34,844 TRACE org.hibernate.type.descriptor.sql.BasicExtractor [http-nio-8080-exec-4] extracted value ([status13_0_] : [VARCHAR]) - [Active]
2021-06-14 12:05:36,890 DEBUG org.hibernate.SQL [http-nio-8080-exec-7] select employees0_.id as id1_0_, employees0_.achievement as achievem2_0_, employees0_.address as address3_0_, employees0_.dept as dept4_0_, employees0_.dob as dob5_0_, employees0_.doj as doj6_0_, employees0_.email as email7_0_, employees0_.firstname as firstnam8_0_, employees0_.gender as gender9_0_, employees0_.lastname as lastnam10_0_, employees0_.performance as perform11_0_, employees0_.salary as salary12_0_, employees0_.status as status13_0_ from employees employees0_ order by employees0_.firstname asc limit ?
2021-06-14 12:05:36,892 TRACE org.hibernate.type.descriptor.sql.BasicExtractor [http-nio-8080-exec-7] extracted value ([id1_0_] : [BIGINT]) - [39]
2021-06-14 12:05:36,892 TRACE org.hibernate.type.descriptor.sql.BasicExtractor [http-nio-8080-exec-7] extracted value ([achievem2_0_] : [VARCHAR]) - [Great Coder]
2021-06-14 12:05:36,892 TRACE org.hibernate.type.descriptor.sql.BasicExtractor [http-nio-8080-exec-7] extracted value ([address3_0_] : [VARCHAR]) - [h.no-xx ,chow mandi roorkee]
